2026-04-05 10:28:56 ERROR calculator.CommandFactory - Config file not found
2026-04-05 10:33:32 ERROR calculator.CommandFactory - Config file not found
2026-04-05 10:41:09 ERROR calculator.CommandFactory - Config file not found
2026-04-05 10:43:59 INFO  calculator.Main - Reading commands from console
2026-04-05 10:43:59 INFO  calculator.Main - Calculator finished
2026-04-05 10:44:46 INFO  calculator.Main - Reading commands from console
2026-04-05 10:44:46 INFO  calculator.Main - Calculator finished
2026-04-05 10:46:00 INFO  calculator.Main - Reading commands from file: input.txt
2026-04-05 10:46:00 DEBUG calculator.Main - Executed command: PUSH
2026-04-05 10:46:00 DEBUG calculator.Main - Executed command: PUSH
2026-04-05 10:46:00 DEBUG calculator.Main - Executed command: ADD
2026-04-05 10:46:00 DEBUG calculator.Main - Executed command: PRINT
2026-04-05 10:46:00 INFO  calculator.Main - Calculator finished
2026-04-06 08:40:12 INFO  calculator.Main - Reading commands from console
2026-04-06 08:40:12 INFO  calculator.Main - Calculator finished
2026-04-06 08:41:14 INFO  calculator.Main - Reading commands from console
2026-04-06 08:41:14 INFO  calculator.Main - Calculator finished
2026-04-06 08:42:20 INFO  calculator.Main - Reading commands from file: input.txt
2026-04-06 08:42:20 DEBUG calculator.Main - Executed command: DEFINE
2026-04-06 08:42:20 DEBUG calculator.Main - Executed command: DEFINE
2026-04-06 08:42:20 ERROR calculator.Main - Error executing PRINT: PRINT takes no arguments
2026-04-06 08:42:20 INFO  calculator.Main - Calculator finished
2026-04-06 08:43:21 INFO  calculator.Main - Reading commands from file: input.txt
2026-04-06 08:43:21 DEBUG calculator.Main - Executed command: DEFINE
2026-04-06 08:43:21 DEBUG calculator.Main - Executed command: DEFINE
2026-04-06 08:43:21 ERROR calculator.Main - Error executing ADD: Stack underflow
2026-04-06 08:43:21 ERROR calculator.Main - Error executing PRINT: Stack is empty
2026-04-06 08:43:21 INFO  calculator.Main - Calculator finished
2026-04-06 08:44:29 INFO  calculator.Main - Reading commands from console
2026-04-06 08:47:10 INFO  calculator.Main - Calculator finished
2026-04-06 08:48:20 INFO  calculator.Main - Reading commands from console
2026-04-06 08:50:15 INFO  calculator.Main - Reading commands from console
2026-04-06 09:00:17 INFO  calculator.Main - Calculator finished
2026-04-12 16:15:10 INFO  calculator.CalculatorApp - Reading commands from console
2026-04-12 16:17:52 DEBUG calculator.CalculatorApp - Executed command: PUSH
2026-04-12 16:18:07 DEBUG calculator.CalculatorApp - Executed command: PUSH
2026-04-12 16:18:16 DEBUG calculator.CalculatorApp - Executed command: ADD
2026-04-12 16:18:24 DEBUG calculator.CalculatorApp - Executed command: PRINT
2026-04-12 16:18:32 INFO  calculator.CalculatorApp - Exiting calculator
2026-04-12 16:18:32 INFO  calculator.CalculatorApp - Calculator finished
2026-04-12 16:21:45 INFO  calculator.CalculatorApp - Reading commands from console
2026-04-12 16:21:45 INFO  calculator.CalculatorApp - Calculator finished
2026-04-12 16:23:22 INFO  calculator.CalculatorApp - Reading commands from console
2026-04-12 16:23:22 INFO  calculator.CalculatorApp - Calculator finished
2026-04-12 16:29:15 INFO  calculator.CalculatorApp - Reading commands from console
2026-04-12 16:29:33 DEBUG calculator.CalculatorApp - Executed command: PUSH
2026-04-12 16:29:40 DEBUG calculator.CalculatorApp - Executed command: PUSH
2026-04-12 16:29:43 DEBUG calculator.CalculatorApp - Executed command: ADD
2026-04-12 16:29:56 DEBUG calculator.CalculatorApp - Executed command: PRINT
2026-04-12 16:30:00 INFO  calculator.CalculatorApp - Exiting calculator
2026-04-12 16:30:00 INFO  calculator.CalculatorApp - Calculator finished
2026-04-12 16:30:11 INFO  calculator.CalculatorApp - Reading commands from console
2026-04-12 16:30:36 DEBUG calculator.CalculatorApp - Executed command: DEFINE
2026-04-12 16:30:49 DEBUG calculator.CalculatorApp - Executed command: DEFINE
2026-04-12 16:30:55 ERROR calculator.CalculatorApp - Error executing PRINT: Stack is empty
2026-04-12 16:31:19 INFO  calculator.CalculatorApp - Exiting calculator
2026-04-12 16:31:19 INFO  calculator.CalculatorApp - Calculator finished
2026-04-12 16:45:33 INFO  calculator.CommandFactory - Config loaded from: src/main/resources/calculator/commands.config
2026-04-12 16:45:33 DEBUG calculator.CommandFactory - Loaded commands: [POP, DIV, PRINT, ADD, SUB, MUL, SQRT, DEFINE, PUSH]
2026-04-12 16:45:33 INFO  calculator.CalculatorApp - Reading commands from console
2026-04-12 16:52:15 INFO  calculator.CalculatorApp - Exiting calculator
2026-04-12 16:52:15 INFO  calculator.CalculatorApp - Calculator finished
2026-04-13 07:33:18 INFO  calculator.CommandFactory - Config loaded from: src/main/resources/calculator/commands.config
2026-04-13 07:33:18 DEBUG calculator.CommandFactory - Loaded commands: [POP, DIV, PRINT, ADD, SUB, MUL, SQRT, DEFINE, PUSH]
2026-04-13 07:33:18 INFO  calculator.CalculatorApp - Reading commands from console
2026-04-13 07:33:52 INFO  calculator.CalculatorApp - Exiting calculator
2026-04-13 07:33:52 INFO  calculator.CalculatorApp - Calculator finished
2026-04-13 07:36:46 INFO  calculator.CommandFactory - Config loaded from: src/main/resources/calculator/commands.config
2026-04-13 07:36:46 DEBUG calculator.CommandFactory - Loaded commands: [POP, DIV, PRINT, ADD, SUB, MUL, SQRT, DEFINE, PUSH]
2026-04-13 07:36:46 INFO  calculator.CalculatorApp - Reading commands from console
2026-04-13 07:37:01 INFO  calculator.CalculatorApp - Exiting calculator
2026-04-13 07:37:01 INFO  calculator.CalculatorApp - Calculator finished
2026-04-13 07:37:08 INFO  calculator.CommandFactory - Config loaded from: src/main/resources/calculator/commands.config
2026-04-13 07:37:08 DEBUG calculator.CommandFactory - Loaded commands: [POP, DIV, PRINT, ADD, SUB, MUL, SQRT, DEFINE, PUSH]
2026-04-13 07:37:08 INFO  calculator.CalculatorApp - Reading commands from console
2026-04-13 07:37:18 DEBUG calculator.CommandFactory - Creating command: PUSH
2026-04-13 07:37:18 INFO  calculator.CommandFactory - Command created successfully: PUSH -> calculator.commands.Push
2026-04-13 07:37:18 DEBUG calculator.commands.Push - Executing PUSH with args: [10]
2026-04-13 07:37:18 DEBUG calculator.Context - Parameter '10' defined: false
2026-04-13 07:37:18 DEBUG calculator.commands.Push - PUSH using literal: 10.0
2026-04-13 07:37:18 DEBUG calculator.Context - Pushed 10.0 onto stack. Stack size: 1
2026-04-13 07:37:18 DEBUG calculator.CalculatorApp - Executed command: PUSH
2026-04-13 07:37:28 DEBUG calculator.CommandFactory - Creating command: PUSH
2026-04-13 07:37:28 INFO  calculator.CommandFactory - Command created successfully: PUSH -> calculator.commands.Push
2026-04-13 07:37:28 DEBUG calculator.commands.Push - Executing PUSH with args: [2]
2026-04-13 07:37:28 DEBUG calculator.Context - Parameter '2' defined: false
2026-04-13 07:37:28 DEBUG calculator.commands.Push - PUSH using literal: 2.0
2026-04-13 07:37:28 DEBUG calculator.Context - Pushed 2.0 onto stack. Stack size: 2
2026-04-13 07:37:28 DEBUG calculator.CalculatorApp - Executed command: PUSH
2026-04-13 07:37:30 DEBUG calculator.CommandFactory - Creating command: ADD
2026-04-13 07:37:30 INFO  calculator.CommandFactory - Command created successfully: ADD -> calculator.commands.Add
2026-04-13 07:37:30 DEBUG calculator.commands.Add - Executing ADD
2026-04-13 07:37:30 DEBUG calculator.Context - Popped 2.0 from stack. Stack size: 1
2026-04-13 07:37:30 DEBUG calculator.Context - Popped 10.0 from stack. Stack size: 0
2026-04-13 07:37:30 DEBUG calculator.Context - Pushed 12.0 onto stack. Stack size: 1
2026-04-13 07:37:30 INFO  calculator.commands.Add - ADD: 10.0 + 2.0 = 12.0
2026-04-13 07:37:30 DEBUG calculator.CalculatorApp - Executed command: ADD
2026-04-13 07:37:33 DEBUG calculator.CommandFactory - Creating command: PRINT
2026-04-13 07:37:33 INFO  calculator.CommandFactory - Command created successfully: PRINT -> calculator.commands.Print
2026-04-13 07:37:33 DEBUG calculator.commands.Print - Executing PRINT
2026-04-13 07:37:33 DEBUG calculator.Context - Peeked at 12.0. Stack size: 1
2026-04-13 07:37:33 INFO  calculator.commands.Print - PRINT: 12.0
2026-04-13 07:37:33 DEBUG calculator.CalculatorApp - Executed command: PRINT
2026-04-13 07:37:37 INFO  calculator.CalculatorApp - Exiting calculator
2026-04-13 07:37:37 INFO  calculator.CalculatorApp - Calculator finished
2026-04-13 07:41:20 INFO  calculator.CommandFactory - Config loaded from: src/main/resources/calculator/commands.config
2026-04-13 07:41:20 DEBUG calculator.CommandFactory - Loaded commands: [POP, DIV, PRINT, ADD, SUB, MUL, SQRT, DEFINE, PUSH]
2026-04-13 07:41:20 INFO  calculator.CalculatorApp - Reading commands from console
2026-04-13 07:41:32 DEBUG calculator.CommandFactory - Creating command: DEFINE
2026-04-13 07:41:32 INFO  calculator.CommandFactory - Command created successfully: DEFINE -> calculator.commands.Define
2026-04-13 07:41:32 DEBUG calculator.commands.Define - Executing DEFINE with args: [a, 5]
2026-04-13 07:41:32 INFO  calculator.Context - Parameter defined: a = 5.0
2026-04-13 07:41:32 INFO  calculator.commands.Define - DEFINE a = 5.0
2026-04-13 07:41:32 DEBUG calculator.CalculatorApp - Executed command: DEFINE
2026-04-13 07:41:45 DEBUG calculator.CommandFactory - Creating command: PUSH
2026-04-13 07:41:45 INFO  calculator.CommandFactory - Command created successfully: PUSH -> calculator.commands.Push
2026-04-13 07:41:45 DEBUG calculator.commands.Push - Executing PUSH with args: [a]
2026-04-13 07:41:45 DEBUG calculator.Context - Parameter 'a' defined: true
2026-04-13 07:41:45 DEBUG calculator.Context - Retrieved parameter: a = 5.0
2026-04-13 07:41:45 DEBUG calculator.commands.Push - PUSH using parameter: a = 5.0
2026-04-13 07:41:45 DEBUG calculator.Context - Pushed 5.0 onto stack. Stack size: 1
2026-04-13 07:41:45 DEBUG calculator.CalculatorApp - Executed command: PUSH
2026-04-13 07:42:02 DEBUG calculator.CommandFactory - Creating command: PRINT
2026-04-13 07:42:02 INFO  calculator.CommandFactory - Command created successfully: PRINT -> calculator.commands.Print
2026-04-13 07:42:02 DEBUG calculator.commands.Print - Executing PRINT
2026-04-13 07:42:02 DEBUG calculator.Context - Peeked at 5.0. Stack size: 1
2026-04-13 07:42:02 INFO  calculator.commands.Print - PRINT: 5.0
2026-04-13 07:42:02 DEBUG calculator.CalculatorApp - Executed command: PRINT
2026-04-13 07:42:14 DEBUG calculator.CommandFactory - Creating command: DEFINE
2026-04-13 07:42:14 INFO  calculator.CommandFactory - Command created successfully: DEFINE -> calculator.commands.Define
2026-04-13 07:42:14 DEBUG calculator.commands.Define - Executing DEFINE with args: [a, 15]
2026-04-13 07:42:14 INFO  calculator.Context - Parameter defined: a = 15.0
2026-04-13 07:42:14 INFO  calculator.commands.Define - DEFINE a = 15.0
2026-04-13 07:42:14 DEBUG calculator.CalculatorApp - Executed command: DEFINE
2026-04-13 07:42:20 DEBUG calculator.CommandFactory - Creating command: PUSH
2026-04-13 07:42:20 INFO  calculator.CommandFactory - Command created successfully: PUSH -> calculator.commands.Push
2026-04-13 07:42:20 DEBUG calculator.commands.Push - Executing PUSH with args: [a]
2026-04-13 07:42:20 DEBUG calculator.Context - Parameter 'a' defined: true
2026-04-13 07:42:20 DEBUG calculator.Context - Retrieved parameter: a = 15.0
2026-04-13 07:42:20 DEBUG calculator.commands.Push - PUSH using parameter: a = 15.0
2026-04-13 07:42:20 DEBUG calculator.Context - Pushed 15.0 onto stack. Stack size: 2
2026-04-13 07:42:20 DEBUG calculator.CalculatorApp - Executed command: PUSH
2026-04-13 07:42:25 DEBUG calculator.CommandFactory - Creating command: PRINT
2026-04-13 07:42:25 INFO  calculator.CommandFactory - Command created successfully: PRINT -> calculator.commands.Print
2026-04-13 07:42:25 DEBUG calculator.commands.Print - Executing PRINT
2026-04-13 07:42:25 DEBUG calculator.Context - Peeked at 15.0. Stack size: 2
2026-04-13 07:42:25 INFO  calculator.commands.Print - PRINT: 15.0
2026-04-13 07:42:25 DEBUG calculator.CalculatorApp - Executed command: PRINT
2026-04-13 07:42:35 INFO  calculator.CalculatorApp - Exiting calculator
2026-04-13 07:42:35 INFO  calculator.CalculatorApp - Calculator finished
2026-04-13 07:42:49 INFO  calculator.CommandFactory - Config loaded from: src/main/resources/calculator/commands.config
2026-04-13 07:42:49 DEBUG calculator.CommandFactory - Loaded commands: [POP, DIV, PRINT, ADD, SUB, MUL, SQRT, DEFINE, PUSH]
2026-04-13 07:42:49 INFO  calculator.CalculatorApp - Reading commands from console
2026-04-13 07:43:11 DEBUG calculator.CommandFactory - Creating command: DEFINE
2026-04-13 07:43:11 INFO  calculator.CommandFactory - Command created successfully: DEFINE -> calculator.commands.Define
2026-04-13 07:43:11 DEBUG calculator.commands.Define - Executing DEFINE with args: [a, 5]
2026-04-13 07:43:11 INFO  calculator.Context - Parameter defined: a = 5.0
2026-04-13 07:43:11 INFO  calculator.commands.Define - DEFINE a = 5.0
2026-04-13 07:43:11 DEBUG calculator.CalculatorApp - Executed command: DEFINE
2026-04-13 07:43:21 DEBUG calculator.CommandFactory - Creating command: DEFINE
2026-04-13 07:43:21 INFO  calculator.CommandFactory - Command created successfully: DEFINE -> calculator.commands.Define
2026-04-13 07:43:21 DEBUG calculator.commands.Define - Executing DEFINE with args: [a, 15]
2026-04-13 07:43:21 INFO  calculator.Context - Parameter defined: a = 15.0
2026-04-13 07:43:21 INFO  calculator.commands.Define - DEFINE a = 15.0
2026-04-13 07:43:21 DEBUG calculator.CalculatorApp - Executed command: DEFINE
2026-04-13 07:43:27 DEBUG calculator.CommandFactory - Creating command: PUSH
2026-04-13 07:43:27 INFO  calculator.CommandFactory - Command created successfully: PUSH -> calculator.commands.Push
2026-04-13 07:43:27 DEBUG calculator.commands.Push - Executing PUSH with args: [a]
2026-04-13 07:43:27 DEBUG calculator.Context - Parameter 'a' defined: true
2026-04-13 07:43:27 DEBUG calculator.Context - Retrieved parameter: a = 15.0
2026-04-13 07:43:27 DEBUG calculator.commands.Push - PUSH using parameter: a = 15.0
2026-04-13 07:43:27 DEBUG calculator.Context - Pushed 15.0 onto stack. Stack size: 1
2026-04-13 07:43:27 DEBUG calculator.CalculatorApp - Executed command: PUSH
2026-04-13 07:43:31 DEBUG calculator.CommandFactory - Creating command: PRINT
2026-04-13 07:43:31 INFO  calculator.CommandFactory - Command created successfully: PRINT -> calculator.commands.Print
2026-04-13 07:43:31 DEBUG calculator.commands.Print - Executing PRINT
2026-04-13 07:43:31 DEBUG calculator.Context - Peeked at 15.0. Stack size: 1
2026-04-13 07:43:31 INFO  calculator.commands.Print - PRINT: 15.0
2026-04-13 07:43:31 DEBUG calculator.CalculatorApp - Executed command: PRINT
